# JRE version: OpenJDK Runtime Environment (21.0.7) (build 21.0.7+-13880790-b1038.58)
# Java VM: OpenJDK 64-Bit Server VM (21.0.7+-13880790-b1038.58, mixed mode, tiered, compressed oops, compressed class ptrs, g1 gc, windows-amd64)
GC Precious Log:
 CardTable entry size: 512
 Card Set container configuration: InlinePtr #cards 4 size 8 Array Of Cards #cards 16 size 48 Howl #buckets 8 coarsen threshold 3686 Howl Bitmap #cards 512 size 80 coarsen threshold 460 Card regions per heap region 1 cards per card region 4096
 CPUs: 12 total, 12 available
 Memory: 16068M
 Large Page Support: Disabled
 NUMA Support: Disabled
 Compressed Oops: Enabled (Zero based)
 Heap Region Size: 2M
 Heap Min Capacity: 8M
 Heap Initial Capacity: 252M
 Heap Max Capacity: 4018M
 Pre-touch: Disabled
 Parallel Workers: 10
 Concurrent Workers: 3
 Concurrent Refinement Workers: 10
 Periodic GC: Disabled
Heap:
 garbage-first heap   total 184320K, used 122479K [0x0000000704e00000, 0x0000000800000000)
  region size 2048K, 13 young (26624K), 3 survivors (6144K)
 Metaspace       used 79672K, committed 80000K, reserved 1179648K
  class space    used 8407K, committed 8576K, reserved 1048576K
GC Heap History (20 events):
Event: 6.745 GC heap before
{Heap before GC invocations=8 (full 0):
 garbage-first heap   total 49152K, used 35009K [0x0000000704e00000, 0x0000000800000000)
  region size 2048K, 10 young (20480K), 2 survivors (4096K)
 Metaspace       used 40373K, committed 40576K, reserved 1114112K
  class space    used 4826K, committed 4928K, reserved 1048576K
}
Event: 6.754 GC heap after
{Heap after GC invocations=9 (full 0):
 garbage-first heap   total 49152K, used 21216K [0x0000000704e00000, 0x0000000800000000)
  region size 2048K, 1 young (2048K), 1 survivors (2048K)
 Metaspace       used 40373K, committed 40576K, reserved 1114112K
  class space    used 4826K, committed 4928K, reserved 1048576K
}
Event: 7.711 GC heap before
{Heap before GC invocations=9 (full 0):
 garbage-first heap   total 49152K, used 37600K [0x0000000704e00000, 0x0000000800000000)
  region size 2048K, 10 young (20480K), 1 survivors (2048K)
 Metaspace       used 44741K, committed 44992K, reserved 1114112K
  class space    used 5261K, committed 5376K, reserved 1048576K
}
Event: 7.719 GC heap after
{Heap after GC invocations=10 (full 0):
 garbage-first heap   total 153600K, used 22973K [0x0000000704e00000, 0x0000000800000000)
  region size 2048K, 2 young (4096K), 2 survivors (4096K)
 Metaspace       used 44741K, committed 44992K, reserved 1114112K
  class space    used 5261K, committed 5376K, reserved 1048576K
}
Event: 8.947 GC heap before
{Heap before GC invocations=10 (full 0):
 garbage-first heap   total 153600K, used 111037K [0x0000000704e00000, 0x0000000800000000)
  region size 2048K, 45 young (92160K), 2 survivors (4096K)
 Metaspace       used 52110K, committed 52352K, reserved 1114112K
  class space    used 5990K, committed 6080K, reserved 1048576K
}
Event: 8.971 GC heap after
{Heap after GC invocations=11 (full 0):
 garbage-first heap   total 153600K, used 46615K [0x0000000704e00000, 0x0000000800000000)
  region size 2048K, 6 young (12288K), 6 survivors (12288K)
 Metaspace       used 52110K, committed 52352K, reserved 1114112K
  class space    used 5990K, committed 6080K, reserved 1048576K
}
Event: 10.093 GC heap before
{Heap before GC invocations=11 (full 0):
 garbage-first heap   total 153600K, used 97815K [0x0000000704e00000, 0x0000000800000000)
  region size 2048K, 31 young (63488K), 6 survivors (12288K)
 Metaspace       used 55873K, committed 56192K, reserved 1114112K
  class space    used 6401K, committed 6528K, reserved 1048576K
}
Event: 10.125 GC heap after
{Heap after GC invocations=12 (full 0):
 garbage-first heap   total 153600K, used 57060K [0x0000000704e00000, 0x0000000800000000)
  region size 2048K, 4 young (8192K), 4 survivors (8192K)
 Metaspace       used 55873K, committed 56192K, reserved 1114112K
  class space    used 6401K, committed 6528K, reserved 1048576K
}
Event: 11.106 GC heap before
{Heap before GC invocations=12 (full 0):
 garbage-first heap   total 153600K, used 108260K [0x0000000704e00000, 0x0000000800000000)
  region size 2048K, 29 young (59392K), 4 survivors (8192K)
 Metaspace       used 57512K, committed 57792K, reserved 1114112K
  class space    used 6482K, committed 6592K, reserved 1048576K
}
Event: 11.123 GC heap after
{Heap after GC invocations=13 (full 0):
 garbage-first heap   total 153600K, used 69350K [0x0000000704e00000, 0x0000000800000000)
  region size 2048K, 4 young (8192K), 4 survivors (8192K)
 Metaspace       used 57512K, committed 57792K, reserved 1114112K
  class space    used 6482K, committed 6592K, reserved 1048576K
}
Event: 11.670 GC heap before
{Heap before GC invocations=13 (full 0):
 garbage-first heap   total 153600K, used 79590K [0x0000000704e00000, 0x0000000800000000)
  region size 2048K, 10 young (20480K), 4 survivors (8192K)
 Metaspace       used 60076K, committed 60288K, reserved 1114112K
  class space    used 6751K, committed 6848K, reserved 1048576K
}
Event: 11.680 GC heap after
{Heap after GC invocations=14 (full 0):
 garbage-first heap   total 153600K, used 72948K [0x0000000704e00000, 0x0000000800000000)
  region size 2048K, 2 young (4096K), 2 survivors (4096K)
 Metaspace       used 60076K, committed 60288K, reserved 1114112K
  class space    used 6751K, committed 6848K, reserved 1048576K
}
Event: 12.294 GC heap before
{Heap before GC invocations=15 (full 0):
 garbage-first heap   total 153600K, used 122100K [0x0000000704e00000, 0x0000000800000000)
  region size 2048K, 26 young (53248K), 2 survivors (4096K)
 Metaspace       used 61110K, committed 61376K, reserved 1114112K
  class space    used 6814K, committed 6912K, reserved 1048576K
}
Event: 12.308 GC heap after
{Heap after GC invocations=16 (full 0):
 garbage-first heap   total 153600K, used 81920K [0x0000000704e00000, 0x0000000800000000)
  region size 2048K, 4 young (8192K), 4 survivors (8192K)
 Metaspace       used 61110K, committed 61376K, reserved 1114112K
  class space    used 6814K, committed 6912K, reserved 1048576K
}
Event: 13.505 GC heap before
{Heap before GC invocations=16 (full 0):
 garbage-first heap   total 153600K, used 126976K [0x0000000704e00000, 0x0000000800000000)
  region size 2048K, 26 young (53248K), 4 survivors (8192K)
 Metaspace       used 67942K, committed 68224K, reserved 1114112K
  class space    used 7448K, committed 7552K, reserved 1048576K
}
Event: 13.519 GC heap after
{Heap after GC invocations=17 (full 0):
 garbage-first heap   total 184320K, used 87141K [0x0000000704e00000, 0x0000000800000000)
  region size 2048K, 3 young (6144K), 3 survivors (6144K)
 Metaspace       used 67942K, committed 68224K, reserved 1114112K
  class space    used 7448K, committed 7552K, reserved 1048576K
}
Event: 14.512 GC heap before
{Heap before GC invocations=17 (full 0):
 garbage-first heap   total 184320K, used 150629K [0x0000000704e00000, 0x0000000800000000)
  region size 2048K, 34 young (69632K), 3 survivors (6144K)
 Metaspace       used 70028K, committed 70336K, reserved 1114112K
  class space    used 7551K, committed 7680K, reserved 1048576K
}
Event: 14.526 GC heap after
{Heap after GC invocations=18 (full 0):
 garbage-first heap   total 184320K, used 97391K [0x0000000704e00000, 0x0000000800000000)
  region size 2048K, 5 young (10240K), 5 survivors (10240K)
 Metaspace       used 70028K, committed 70336K, reserved 1114112K
  class space    used 7551K, committed 7680K, reserved 1048576K
}
Event: 15.977 GC heap before
{Heap before GC invocations=18 (full 0):
 garbage-first heap   total 184320K, used 152687K [0x0000000704e00000, 0x0000000800000000)
  region size 2048K, 33 young (67584K), 5 survivors (10240K)
 Metaspace       used 79147K, committed 79552K, reserved 1179648K
  class space    used 8383K, committed 8576K, reserved 1048576K
}
Event: 15.990 GC heap after
{Heap after GC invocations=19 (full 0):
 garbage-first heap   total 184320K, used 104047K [0x0000000704e00000, 0x0000000800000000)
  region size 2048K, 3 young (6144K), 3 survivors (6144K)
 Metaspace       used 79147K, committed 79552K, reserved 1179648K
  class space    used 8383K, committed 8576K, reserved 1048576K
}

